#
# There is insufficient memory for the Java Runtime Environment to continue.
# Native memory allocation (mmap) failed to map 197132288 bytes. Error detail: G1 virtual space
# Possible reasons:
#   The system is out of physical RAM or swap space
#   This process is running with CompressedOops enabled, and the Java Heap may be blocking the growth of the native heap
# Possible solutions:
#   Reduce memory load on the system
#   Increase physical memory or swap space
#   Check if swap backing store is full
#   Decrease Java heap size (-Xmx/-Xms)
#   Decrease number of Java threads
#   Decrease Java thread stack sizes (-Xss)
#   Set larger code cache with -XX:ReservedCodeCacheSize=
#   JVM is running with Zero Based Compressed Oops mode in which the Java heap is
#     placed in the first 32GB address space. The Java Heap base address is the
#     maximum limit for the native heap growth. Please use -XX:HeapBaseMinAddress
#     to set the Java Heap base and to place the Java Heap above 32GB virtual address.
# This output file may be truncated or incomplete.
#
#  Out of Memory Error (os_windows.cpp:3631), pid=16748, tid=19748
#
# JRE version:  (22.0+36) (build )
# Java VM: OpenJDK 64-Bit Server VM (22+36-2370, mixed mode, sharing, tiered, compressed oops, compressed class ptrs, g1 gc, windows-amd64)
# No core dump will be written. Minidumps are not enabled by default on client versions of Windows
#

---------------  S U M M A R Y ------------

Command Line: -javaagent:C:\Program Files\JetBrains\IntelliJ IDEA Community Edition 2023.1.2\lib\idea_rt.jar=51326:C:\Program Files\JetBrains\IntelliJ IDEA Community Edition 2023.1.2\bin -Dfile.encoding=UTF-8 -Dsun.stdout.encoding=UTF-8 -Dsun.stderr.encoding=UTF-8 org.example.app.AppApplication

Host: 11th Gen Intel(R) Core(TM) i7-1165G7 @ 2.80GHz, 8 cores, 11G,  Windows 11 , 64 bit Build 22621 (10.0.22621.4391)
Time: Tue Dec 17 00:19:55 2024 Egypt Standard Time elapsed time: 0.030140 seconds (0d 0h 0m 0s)

---------------  T H R E A D  ---------------

Current thread (0x00000232dbb09bb0):  JavaThread "Unknown thread" [_thread_in_vm, id=19748, stack(0x000000a782100000,0x000000a782200000) (1024K)]

Stack: [0x000000a782100000,0x000000a782200000]
Native frames: (J=compiled Java code, j=interpreted, Vv=VM code, C=native code)
V  [jvm.dll+0x6e2349]  (no source info available)
V  [jvm.dll+0x874ed3]  (no source info available)
V  [jvm.dll+0x8772fe]  (no source info available)
V  [jvm.dll+0x8779d3]  (no source info available)
V  [jvm.dll+0x27fcb6]  (no source info available)
V  [jvm.dll+0x6de9e5]  (no source info available)
V  [jvm.dll+0x6d34ea]  (no source info available)
V  [jvm.dll+0x35892a]  (no source info available)
V  [jvm.dll+0x360e56]  (no source info available)
V  [jvm.dll+0x3b3d7e]  (no source info available)
V  [jvm.dll+0x3b4028]  (no source info available)
V  [jvm.dll+0x32c4ec]  (no source info available)
V  [jvm.dll+0x32d0a8]  (no source info available)
V  [jvm.dll+0x83cd9c]  (no source info available)
V  [jvm.dll+0x3c0cc1]  (no source info available)
V  [jvm.dll+0x825d8c]  (no source info available)
V  [jvm.dll+0x45b9ee]  (no source info available)
V  [jvm.dll+0x45d871]  (no source info available)
C  [jli.dll+0x52a3]  (no source info available)
C  [ucrtbase.dll+0x29333]  (no source info available)
C  [KERNEL32.DLL+0x1259d]  (no source info available)
C  [ntdll.dll+0x5af38]  (no source info available)


---------------  P R O C E S S  ---------------

Threads class SMR info:
_java_thread_list=0x00007ffa1adfc1c8, length=0, elements={
}

Java Threads: ( => current thread )
Total: 0

Other Threads:
  0x00000232ddd99c80 WorkerThread "GC Thread#0"                     [id=1688, stack(0x000000a782200000,0x000000a782300000) (1024K)]
  0x00000232dbbcceb0 ConcurrentGCThread "G1 Main Marker"            [id=15296, stack(0x000000a782300000,0x000000a782400000) (1024K)]
  0x00000232dbbcd9c0 WorkerThread "G1 Conc#0"                       [id=20456, stack(0x000000a782400000,0x000000a782500000) (1024K)]

[error occurred during error reporting (printing all threads), id 0xc0000005, EXCEPTION_ACCESS_VIOLATION (0xc0000005) at pc=0x00007ffa1a54f2b7]
VM state: not at safepoint (not fully initialized)

VM Mutex/Monitor currently owned by a thread:  ([mutex/lock_event])
[0x00007ffa1ae7ccc8] Heap_lock - owner thread: 0x00000232dbb09bb0

Heap address: 0x0000000744c00000, size: 2996 MB, Compressed Oops mode: Zero based, Oop shift amount: 3

CDS archive(s) mapped at: [0x0000000000000000-0x0000000000000000-0x0000000000000000), size 0, SharedBaseAddress: 0x0000000800000000, ArchiveRelocationMode: 1.
Narrow klass base: 0x0000000000000000, Narrow klass shift: 0, Narrow klass range: 0x0

GC Precious Log:
 CardTable entry size: 512
 Card Set container configuration: InlinePtr #cards 4 size 8 Array Of Cards #cards 16 size 48 Howl #buckets 8 coarsen threshold 3686 Howl Bitmap #cards 512 size 80 coarsen threshold 460 Card regions per heap region 1 cards per card region 4096

Heap:
 garbage-first heap   total reserved 3067904K, committed 0K, used 0K [0x0000000744c00000, 0x0000000800000000)
  region size 2048K, 0 young (0K), 0 survivors (0K)

[error occurred during error reporting (printing heap information), id 0xc0000005, EXCEPTION_ACCESS_VIOLATION (0xc0000005) at pc=0x00007ffa1a94e4e9]
GC Heap History (0 events):
No events

Dll operation events (1 events):
Event: 0.020 Loaded shared library C:\Users\RTX\.jdks\openjdk-22-1\bin\java.dll

Deoptimization events (0 events):
No events

Classes loaded (0 events):
No events

Classes unloaded (0 events):
No events

Classes redefined (0 events):
No events

Internal exceptions (0 events):
No events

ZGC Phase Switch (0 events):
No events

VM Operations (0 events):
No events

Events (0 events):
No events


Dynamic libraries:
0x00007ff6f5e20000 - 0x00007ff6f5e2e000 	C:\Users\RTX\.jdks\openjdk-22-1\bin\java.exe
0x00007ffab6730000 - 0x00007ffab6947000 	C:\WINDOWS\SYSTEM32\ntdll.dll
0x00007ffab5630000 - 0x00007ffab56f4000 	C:\WINDOWS\System32\KERNEL32.DLL
0x00007ffab3ff0000 - 0x00007ffab43aa000 	C:\WINDOWS\System32\KERNELBASE.dll
0x00007ffab3ed0000 - 0x00007ffab3fe1000 	C:\WINDOWS\System32\ucrtbase.dll
0x00007ffaabe70000 - 0x00007ffaabe87000 	C:\Users\RTX\.jdks\openjdk-22-1\bin\jli.dll
0x00007ffa6fbf0000 - 0x00007ffa6fc0b000 	C:\Users\RTX\.jdks\openjdk-22-1\bin\VCRUNTIME140.dll
0x00007ffab5480000 - 0x00007ffab562e000 	C:\WINDOWS\System32\USER32.dll
0x00007ffab3df0000 - 0x00007ffab3e16000 	C:\WINDOWS\System32\win32u.dll
0x00007ffab5190000 - 0x00007ffab51b9000 	C:\WINDOWS\System32\GDI32.dll
0x00007ffab3a00000 - 0x00007ffab3b1b000 	C:\WINDOWS\System32\gdi32full.dll
0x00007ffab3be0000 - 0x00007ffab3c7a000 	C:\WINDOWS\System32\msvcp_win.dll
0x00007ffa9a570000 - 0x00007ffa9a802000 	C:\WINDOWS\WinSxS\amd64_microsoft.windows.common-controls_6595b64144ccf1df_6.0.22621.4541_none_2710d1c57384c085\COMCTL32.dll
0x00007ffab5750000 - 0x00007ffab57f7000 	C:\WINDOWS\System32\msvcrt.dll
0x00007ffab6490000 - 0x00007ffab64c1000 	C:\WINDOWS\System32\IMM32.DLL
0x00007ffaabe60000 - 0x00007ffaabe6c000 	C:\Users\RTX\.jdks\openjdk-22-1\bin\vcruntime140_1.dll
0x00007ffa22180000 - 0x00007ffa2220e000 	C:\Users\RTX\.jdks\openjdk-22-1\bin\msvcp140.dll
0x00007ffa1a210000 - 0x00007ffa1af58000 	C:\Users\RTX\.jdks\openjdk-22-1\bin\server\jvm.dll
0x00007ffab50d0000 - 0x00007ffab5182000 	C:\WINDOWS\System32\ADVAPI32.dll
0x00007ffab6630000 - 0x00007ffab66d7000 	C:\WINDOWS\System32\sechost.dll
0x00007ffab3e20000 - 0x00007ffab3e48000 	C:\WINDOWS\System32\bcrypt.dll
0x00007ffab4440000 - 0x00007ffab4554000 	C:\WINDOWS\System32\RPCRT4.dll
0x00007ffab4a90000 - 0x00007ffab4b01000 	C:\WINDOWS\System32\WS2_32.dll
0x00007ffab2fe0000 - 0x00007ffab302d000 	C:\WINDOWS\SYSTEM32\POWRPROF.dll
0x00007ffaa2170000 - 0x00007ffaa21a4000 	C:\WINDOWS\SYSTEM32\WINMM.dll
0x00007ffaa7ad0000 - 0x00007ffaa7ada000 	C:\WINDOWS\SYSTEM32\VERSION.dll
0x00007ffab2fc0000 - 0x00007ffab2fd3000 	C:\WINDOWS\SYSTEM32\UMPDC.dll
0x00007ffab2a70000 - 0x00007ffab2a88000 	C:\WINDOWS\SYSTEM32\kernel.appcore.dll
0x00007ffa97200000 - 0x00007ffa9720a000 	C:\Users\RTX\.jdks\openjdk-22-1\bin\jimage.dll
0x00007ffab12b0000 - 0x00007ffab14e2000 	C:\WINDOWS\SYSTEM32\DBGHELP.DLL
0x00007ffab4d40000 - 0x00007ffab50cf000 	C:\WINDOWS\System32\combase.dll
0x00007ffab5910000 - 0x00007ffab59e7000 	C:\WINDOWS\System32\OLEAUT32.dll
0x00007ffaa34d0000 - 0x00007ffaa3502000 	C:\WINDOWS\SYSTEM32\dbgcore.DLL
0x00007ffab3e50000 - 0x00007ffab3ecb000 	C:\WINDOWS\System32\bcryptPrimitives.dll
0x00007ffaabed0000 - 0x00007ffaabedf000 	C:\Users\RTX\.jdks\openjdk-22-1\bin\instrument.dll
0x00007ffa6c120000 - 0x00007ffa6c13e000 	C:\Users\RTX\.jdks\openjdk-22-1\bin\java.dll
0x00007ffab5a70000 - 0x00007ffab62e8000 	C:\WINDOWS\System32\SHELL32.dll
0x00007ffab4b10000 - 0x00007ffab4cb5000 	C:\WINDOWS\System32\ole32.dll

dbghelp: loaded successfully - version: 4.0.5 - missing functions: none
symbol engine: initialized successfully - sym options: 0x614 - pdb path: .;C:\Users\RTX\.jdks\openjdk-22-1\bin;C:\WINDOWS\SYSTEM32;C:\WINDOWS\WinSxS\amd64_microsoft.windows.common-controls_6595b64144ccf1df_6.0.22621.4541_none_2710d1c57384c085;C:\Users\RTX\.jdks\openjdk-22-1\bin\server

VM Arguments:
jvm_args: -javaagent:C:\Program Files\JetBrains\IntelliJ IDEA Community Edition 2023.1.2\lib\idea_rt.jar=51326:C:\Program Files\JetBrains\IntelliJ IDEA Community Edition 2023.1.2\bin -Dfile.encoding=UTF-8 -Dsun.stdout.encoding=UTF-8 -Dsun.stderr.encoding=UTF-8 
java_command: org.example.app.AppApplication
java_class_path (initial): D:\SOA-Assignment3\App\target\classes;C:\Users\RTX\.m2\repository\org\springframework\boot\spring-boot-starter\3.4.0\spring-boot-starter-3.4.0.jar;C:\Users\RTX\.m2\repository\org\springframework\boot\spring-boot\3.4.0\spring-boot-3.4.0.jar;C:\Users\RTX\.m2\repository\org\springframework\spring-context\6.2.0\spring-context-6.2.0.jar;C:\Users\RTX\.m2\repository\org\springframework\boot\spring-boot-autoconfigure\3.4.0\spring-boot-autoconfigure-3.4.0.jar;C:\Users\RTX\.m2\repository\org\springframework\boot\spring-boot-starter-logging\3.4.0\spring-boot-starter-logging-3.4.0.jar;C:\Users\RTX\.m2\repository\ch\qos\logback\logback-classic\1.5.12\logback-classic-1.5.12.jar;C:\Users\RTX\.m2\repository\ch\qos\logback\logback-core\1.5.12\logback-core-1.5.12.jar;C:\Users\RTX\.m2\repository\org\apache\logging\log4j\log4j-to-slf4j\2.24.1\log4j-to-slf4j-2.24.1.jar;C:\Users\RTX\.m2\repository\org\apache\logging\log4j\log4j-api\2.24.1\log4j-api-2.24.1.jar;C:\Users\RTX\.m2\repository\org\slf4j\jul-to-slf4j\2.0.16\jul-to-slf4j-2.0.16.jar;C:\Users\RTX\.m2\repository\jakarta\annotation\jakarta.annotation-api\2.1.1\jakarta.annotation-api-2.1.1.jar;C:\Users\RTX\.m2\repository\org\springframework\spring-core\6.2.0\spring-core-6.2.0.jar;C:\Users\RTX\.m2\repository\org\springframework\spring-jcl\6.2.0\spring-jcl-6.2.0.jar;C:\Users\RTX\.m2\repository\org\yaml\snakeyaml\2.3\snakeyaml-2.3.jar;C:\Users\RTX\.m2\repository\org\slf4j\slf4j-api\2.0.16\slf4j-api-2.0.16.jar;C:\Users\RTX\.m2\repository\com\fasterxml\jackson\core\jackson-databind\2.15.2\jackson-databind-2.15.2.jar;C:\Users\RTX\.m2\repository\com\fasterxml\jackson\core\jackson-annotations\2.18.1\jackson-annotations-2.18.1.jar;C:\Users\RTX\.m2\repository\com\fasterxml\jackson\core\jackson-core\2.18.1\jackson-core-2.18.1.jar;C:\Users\RTX\.m2\repository\org\springframework\boot\spring-boot-starter-web\3.4.0\spring-boot-starter-web-3.4.0.jar;C:\Users\RTX\.m2\repository\org\springframework\boot\spring-boot-starter-json\3.4.0\spring-boot-starter-json-3.4.0.jar;C:\Users\RTX\.m2\repository\com\fasterxml\jackson\datatype\jackson-datatype-jdk8\2.18.1\jackson-datatype-jdk8-2.18.1.jar;C:\Users\RTX\.m2\repository\com\fasterxml\jackson\datatype\jackson-datatype-jsr310\2.18.1\jackson-datatype-jsr310-2.18.1.jar;C:\Users\RTX\.m2\repository\com\fasterxml\jackson\module\jackson-module-parameter-names\2.18.1\jackson-module-parameter-names-2.18.1.jar;C:\Users\RTX\.m2\repository\org\springframework\boot\spring-boot-starter-tomcat\3.4.0\spring-boot-starter-tomcat-3.4.0.jar;C:\Users\RTX\.m2\repository\org\apache\tomcat\embed\tomcat-embed-core\10.1.33\tomcat-embed-core-10.1.33.jar;C:\Users\RTX\.m2\repository\org\apache\tomcat\embed\tomcat-embed-el\10.1.33\tomcat-embed-el-10.1.33.jar;C:\Users\RTX\.m2\repository\org\apache\tomcat\embed\tomcat-embed-websocket\10.1.33\tomcat-embed-websocket-10.1.33.jar;C:\Users\RTX\.m2\repository\org\springframework\spring-web\6.2.0\spring-web-6.2.0.jar;C:\Users\RTX\.m2\repository\org\springframework\spring-beans\6.2.0\spring-beans-6.2.0.jar;C:\Users\RTX\.m2\repository\io\micrometer\micrometer-observation\1.14.1\micrometer-observation-1.14.1.jar;C:\Users\RTX\.m2\repository\io\micrometer\micrometer-commons\1.14.1\micrometer-commons-1.14.1.jar;C:\Users\RTX\.m2\repository\org\springframework\spring-webmvc\6.2.0\spring-webmvc-6.2.0.jar;C:\Users\RTX\.m2\repository\org\springframework\spring-aop\6.2.0\spring-aop-6.2.0.jar;C:\Users\RTX\.m2\repository\org\springframework\spring-expression\6.2.0\spring-expression-6.2.0.jar
Launcher Type: SUN_STANDARD

[Global flags]
     intx CICompilerCount                          = 4                                         {product} {ergonomic}
     uint ConcGCThreads                            = 2                                         {product} {ergonomic}
     uint G1ConcRefinementThreads                  = 8                                         {product} {ergonomic}
   size_t G1HeapRegionSize                         = 2097152                                   {product} {ergonomic}
   size_t InitialHeapSize                          = 197132288                                 {product} {ergonomic}
   size_t MarkStackSize                            = 4194304                                   {product} {ergonomic}
   size_t MaxHeapSize                              = 3141533696                                {product} {ergonomic}
   size_t MinHeapDeltaBytes                        = 2097152                                   {product} {ergonomic}
   size_t MinHeapSize                              = 8388608                                   {product} {ergonomic}
    uintx NonNMethodCodeHeapSize                   = 5839372                                {pd product} {ergonomic}
    uintx NonProfiledCodeHeapSize                  = 122909434                              {pd product} {ergonomic}
    uintx ProfiledCodeHeapSize                     = 122909434                              {pd product} {ergonomic}
    uintx ReservedCodeCacheSize                    = 251658240                              {pd product} {ergonomic}
     bool SegmentedCodeCache                       = true                                      {product} {ergonomic}
   size_t SoftMaxHeapSize                          = 3141533696                             {manageable} {ergonomic}
     bool UseCompressedOops                        = true                           {product lp64_product} {ergonomic}
     bool UseG1GC                                  = true                                      {product} {ergonomic}
     bool UseLargePagesIndividualAllocation        = false                                  {pd product} {ergonomic}

Logging:
Log output configuration:
 #0: stdout all=warning uptime,level,tags foldmultilines=false
 #1: stderr all=off uptime,level,tags foldmultilines=false

Environment Variables:
PATH=C:\Program Files\Python311\Scripts\;C:\Program Files\Python311\;C:\Windows\system32;C:\Windows;C:\Windows\System32\Wbem;C:\Windows\System32\WindowsPowerShell\v1.0\;C:\Windows\System32\OpenSSH\;C:\Program Files (x86)\NVIDIA Corporation\PhysX\Common;C:\Program Files\NVIDIA Corporation\NVIDIA NvDLISR;C:\WINDOWS\system32;C:\WINDOWS;C:\WINDOWS\System32\Wbem;C:\WINDOWS\System32\WindowsPowerShell\v1.0\;C:\WINDOWS\System32\OpenSSH\;C:\Program Files (x86)\Microsoft SQL Server\160\Tools\Binn\;C:\Program Files\Microsoft SQL Server\160\Tools\Binn\;C:\Program Files\Microsoft SQL Server\Client SDK\ODBC\170\Tools\Binn\;C:\Program Files\Microsoft SQL Server\160\DTS\Binn\;C:\Program Files\Java\jdk-19\bin;C:\Program Files\Python311;C:\Program Files\Git\cmd;C:\Users\RTX\Downloads\cmake-3.28.1\bin;D:\Downloads\flutter_windows_3.10.6-stable\flutter;C:\Users\RTX\Downloads\php-8.3.3\php-8.3.3;C:\Program Files\Microsoft SQL Server\150\Tools\Binn\;C:\xampp\php;C:\xampp-2\phpMyAdmin\vendor\composer;C:\Program Files\nodejs\;C:\Program Files\dotnet\;C:\Program Files (x86)\Microsoft SQL Server\160\DTS\Binn\;C:\Users\RTX\AppData\Local\Microsoft\WindowsApps;C:\Users\RTX\AppData\Local\Programs\Microsoft VS Code\bin;C:\Program Files\Azure Data Studio\bin;C:\Users\RTX\AppData\Local\GitHubDesktop\bin;C:\Program Files\JetBrains\IntelliJ IDEA Community Edition 2023.1.2\bin;C:\Program Files\Python311;C:\Users\RTX\AppData\Local\Programs\Python311;C:\Users\RTX\AppData\Local\Programs\Python311\Scripts;C:\Program Files\JetBrains\PyCharm Community Edition 2023.1.2\bin;D:\Downloads\flutter_windows_3.10.6-stable\flutter;D:\Downloads\dartsdk-windows-x64-release\dart-sdk;C:\Users\RTX\AppData\Local\Android\Sdk;C:\Users\RTX\Downloads\Telegram Desktop\apache-maven-3.9.6\bin;C:\Users\RTX\Downloads\cmake-3.28.1\bin;D:\Downloads\winlibs-x86_64-posix-seh-gcc-13.2.0-llvm-17.0.5-mingw-w64ucrt-11.0.1-r3\mingw64\bin;C:\Users\RTX\AppData\Local\JetBrains\Toolbox\scripts;C:\Program Files\CMake\bin;C:\Users\RTX\Downloads\php-8.3.3\php-8.3.3;C:\Users\RTX\AppData\Roaming\Composer\vendor\bin;C:\xampp-2\php;C:\Users\RTX\composer;C:\Users\RTX\AppData\Roaming\npm;C:\Users\RTX\.dotnet\tools
USERNAME=RTX
OS=Windows_NT
PROCESSOR_IDENTIFIER=Intel64 Family 6 Model 140 Stepping 1, GenuineIntel
TMP=C:\Users\RTX\AppData\Local\Temp
TEMP=C:\Users\RTX\AppData\Local\Temp




Periodic native trim disabled

---------------  S Y S T E M  ---------------

OS:
 Windows 11 , 64 bit Build 22621 (10.0.22621.4391)
OS uptime: 0 days 0:45 hours
Hyper-V role detected

CPU: total 8 (initial active 8) (4 cores per cpu, 2 threads per core) family 6 model 140 stepping 1 microcode 0x86, cx8, cmov, fxsr, ht, mmx, 3dnowpref, sse, sse2, sse3, ssse3, sse4.1, sse4.2, popcnt, lzcnt, tsc, tscinvbit, avx, avx2, aes, erms, clmul, bmi1, bmi2, adx, avx512f, avx512dq, avx512cd, avx512bw, avx512vl, sha, fma, vzeroupper, avx512_vpopcntdq, avx512_vpclmulqdq, avx512_vaes, avx512_vnni, clflush, clflushopt, clwb, avx512_vbmi2, avx512_vbmi, hv, rdtscp, rdpid, fsrm, gfni, avx512_bitalg, f16c, cet_ibt, cet_ss, avx512_ifma
Processor Information for all 8 processors :
  Max Mhz: 2803, Current Mhz: 2803, Mhz Limit: 2803

Memory: 4k page, system-wide physical 11982M (1026M free)
TotalPageFile size 19330M (AvailPageFile size 97M)
current process WorkingSet (physical memory assigned to process): 12M, peak: 12M
current process commit charge ("private bytes"): 60M, peak: 248M

vm_info: OpenJDK 64-Bit Server VM (22+36-2370) for windows-amd64 JRE (22+36-2370), built on 2024-02-15T22:15:19Z by "mach5one" with MS VC++ 17.6 (VS2022)

END.
